  Cube.cpp
  main.cpp
  OBJObject.cpp
  Window.cpp
Cube.obj : error LNK2001: unresolved external symbol __imp__glPopMatrix@0
Cube.obj : error LNK2001: unresolved external symbol __imp__glVertex3f@12
Cube.obj : error LNK2001: unresolved external symbol __imp__glEnd@0
Cube.obj : error LNK2001: unresolved external symbol __imp__glMatrixMode@4
Cube.obj : error LNK2001: unresolved external symbol __imp__glColor3f@12
Cube.obj : error LNK2001: unresolved external symbol __imp__glNormal3f@12
Cube.obj : error LNK2001: unresolved external symbol __imp__glBegin@4
Cube.obj : error LNK2001: unresolved external symbol __imp__glMultMatrixf@4
Cube.obj : error LNK2001: unresolved external symbol __imp__glPushMatrix@0
main.obj : error LNK2001: unresolved external symbol __imp__glPolygonMode@8
main.obj : error LNK2001: unresolved external symbol __imp__glEnable@4
main.obj : error LNK2001: unresolved external symbol __imp__glLightModelf@8
main.obj : error LNK2001: unresolved external symbol __imp__glClearColor@16
main.obj : error LNK2001: unresolved external symbol __imp__glColorMaterial@8
main.obj : error LNK2001: unresolved external symbol __imp__glDisable@4
main.obj : error LNK2001: unresolved external symbol __imp__glLightfv@12
main.obj : error LNK2001: unresolved external symbol __imp__glMaterialfv@12
main.obj : error LNK2001: unresolved external symbol __imp__glShadeModel@4
main.obj : error LNK2001: unresolved external symbol __imp__glDepthFunc@4
main.obj : error LNK2001: unresolved external symbol __imp__glGetString@4
Window.obj : error LNK2001: unresolved external symbol __imp__glViewport@16
Window.obj : error LNK2001: unresolved external symbol __imp__glClear@4
Window.obj : error LNK2001: unresolved external symbol __imp__glLoadIdentity@0
Window.obj : error LNK2001: unresolved external symbol __imp__glTranslatef@12
Window.obj : error LNK2001: unresolved external symbol _gluPerspective@32
C:\Users\Ka\Desktop\CSE167StarterCode-master\Release\GLFWStarterProject.exe : fatal error LNK1120: 25 unresolved externals
